<?xml version="1.0" encoding="UTF-8"?>
<testsuites name="TEST-S-LOGIN" time="38.18" tests="2" failures="0" skips="0" errors="0">
   <testsuite name="TEST-S-LOGIN" tests="2" failures="0" errors="0" time="38.18" skips="0" timestamp="2021-03-30 11:22:10" hostname="joel_ - DESKTOP-EAUO6T0" id="Test Suites/LOGIN/TEST-S-LOGIN">
      <properties>
         <property name="deviceName" value=""/>
         <property name="devicePlatform" value=""/>
         <property name="logFolder" value="C:\\Users\\joel_\\git\\TEST-EVERYTHING-PROJECT\\Reports\\20210330_112202\\LOGIN\\TEST-S-LOGIN\\20210330_112202"/>
         <property name="logFiles" value="C:\\Users\\joel_\\git\\TEST-EVERYTHING-PROJECT\\Reports\\20210330_112202\\LOGIN\\TEST-S-LOGIN\\20210330_112202\\execution0.log"/>
         <property name="attachments" value=""/>
         <property name="hostName" value="joel_ - DESKTOP-EAUO6T0"/>
         <property name="os" value="Windows 10 64bit"/>
         <property name="katalonVersion" value="7.9.1.208"/>
         <property name="browser" value="Chrome 89.0.4389.90"/>
         <property name="hostAddress" value="192.168.175.2"/>
         <property name="sessionId" value="cbdfd847045b4a47da06dcc3fcc9f60a"/>
         <property name="seleniumVersion" value="3.141.59"/>
         <property name="proxyInformation" value="ProxyInformation { proxyOption=NO_PROXY, proxyServerType=HTTP, username=, password=********, proxyServerAddress=, proxyServerPort=0, executionList=&quot;&quot;, isApplyToDesiredCapabilities=true }"/>
         <property name="platform" value="Windows 10"/>
      </properties>
      <testcase name="Test Cases/LOGIN-OUT/TEST-C-1" time="18.641" classname="Test Cases/LOGIN-OUT/TEST-C-1" status="PASSED">
         <system-out><![CDATA[2021-03-30 11:22:12 - [TEST_CASE][PASSED] - Test Cases/LOGIN-OUT/TEST-C-1: Test Cases/LOGIN-OUT/TEST-C-1

2021-03-30 11:22:13 - [TEST_STEP][PASSED] - openBrowser(""): Browser is opened with url: ''

2021-03-30 11:22:14 - [MESSAGE][INFO] - Starting 'Chrome' driver

2021-03-30 11:22:14 - [MESSAGE][INFO] - Action delay is set to 0 milliseconds

2021-03-30 11:22:16 - [MESSAGE][PASSED] - Browser is opened with url: ''

2021-03-30 11:22:16 - [TEST_STEP][PASSED] - maximizeWindow(): Current window maximized

2021-03-30 11:22:16 - [MESSAGE][PASSED] - Current window maximized

2021-03-30 11:22:16 - [TEST_STEP][PASSED] - delay(2): Delayed 2 second(s)

2021-03-30 11:22:18 - [MESSAGE][PASSED] - Delayed 2 second(s)

2021-03-30 11:22:18 - [TEST_STEP][PASSED] - navigateToUrl("https://www.amazon.com/-/es/ap/signin?openid.pape.max_auth_age=0&openid.return_to=https%3A%2F%2Fwww.amazon.com%2F%3Fref_%3Dnav_custrec_signin&openid.identity=http%3A%2F%2Fspecs.openid.net%2Fauth%2F2.0%2Fidentifier_select&openid.assoc_handle=usflex&openid.mode=checkid_setup&openid.claimed_id=http%3A%2F%2Fspecs.openid.net%2Fauth%2F2.0%2Fidentifier_select&openid.ns=http%3A%2F%2Fspecs.openid.net%2Fauth%2F2.0&"): Navigate to 'https://www.amazon.com/-/es/ap/signin?openid.pape.max_auth_age=0&openid.return_to=https%3A%2F%2Fwww.amazon.com%2F%3Fref_%3Dnav_custrec_signin&openid.identity=http%3A%2F%2Fspecs.openid.net%2Fauth%2F2.0%2Fidentifier_select&openid.assoc_handle=usflex&openid.mode=checkid_setup&openid.claimed_id=http%3A%2F%2Fspecs.openid.net%2Fauth%2F2.0%2Fidentifier_select&openid.ns=http%3A%2F%2Fspecs.openid.net%2Fauth%2F2.0&' successfully

2021-03-30 11:22:19 - [MESSAGE][PASSED] - Navigate to 'https://www.amazon.com/-/es/ap/signin?openid.pape.max_auth_age=0&openid.return_to=https%3A%2F%2Fwww.amazon.com%2F%3Fref_%3Dnav_custrec_signin&openid.identity=http%3A%2F%2Fspecs.openid.net%2Fauth%2F2.0%2Fidentifier_select&openid.assoc_handle=usflex&openid.mode=checkid_setup&openid.claimed_id=http%3A%2F%2Fspecs.openid.net%2Fauth%2F2.0%2Fidentifier_select&openid.ns=http%3A%2F%2Fspecs.openid.net%2Fauth%2F2.0&' successfully

2021-03-30 11:22:19 - [TEST_STEP][PASSED] - verifyElementPresent(findTestObject("LOGIN/Page_Amazon Sign-In/input_Email or mobile phone number_email"), 0): Object 'Object Repository/LOGIN/Page_Amazon Sign-In/input_Email or mobile phone number_email' is present

2021-03-30 11:22:20 - [MESSAGE][WARNING] - Timeout '0' is invalid. Using default page load timeout: '30'

2021-03-30 11:22:20 - [MESSAGE][PASSED] - Object 'Object Repository/LOGIN/Page_Amazon Sign-In/input_Email or mobile phone number_email' is present

2021-03-30 11:22:20 - [TEST_STEP][PASSED] - verifyElementClickable(findTestObject("Object Repository/LOGIN/Page_Amazon Sign-In/input_Email or mobile phone number_email")): Object 'Object Repository/LOGIN/Page_Amazon Sign-In/input_Email or mobile phone number_email' is clickable

2021-03-30 11:22:21 - [MESSAGE][PASSED] - Object 'Object Repository/LOGIN/Page_Amazon Sign-In/input_Email or mobile phone number_email' is clickable

2021-03-30 11:22:21 - [TEST_STEP][PASSED] - setText(findTestObject("LOGIN/Page_Amazon Sign-In/input_Email or mobile phone number_email"), USERNAME_VAL): Text 'joel_j20@hotmail.com' is set on object 'Object Repository/LOGIN/Page_Amazon Sign-In/input_Email or mobile phone number_email'

2021-03-30 11:22:24 - [MESSAGE][PASSED] - Text 'joel_j20@hotmail.com' is set on object 'Object Repository/LOGIN/Page_Amazon Sign-In/input_Email or mobile phone number_email'

2021-03-30 11:22:24 - [TEST_STEP][PASSED] - click(findTestObject("LOGIN/Page_Amazon Sign-In/input_Enter your email or mobile phone number_continue")): Object: 'Object Repository/LOGIN/Page_Amazon Sign-In/input_Enter your email or mobile phone number_continue' is clicked on

2021-03-30 11:22:25 - [MESSAGE][PASSED] - Object: 'Object Repository/LOGIN/Page_Amazon Sign-In/input_Enter your email or mobile phone number_continue' is clicked on

2021-03-30 11:22:25 - [TEST_STEP][PASSED] - verifyElementPresent(findTestObject("LOGIN/Page_Amazon Sign-In/input_Forgot your password_password"), 0): Object 'Object Repository/LOGIN/Page_Amazon Sign-In/input_Forgot your password_password' is present

2021-03-30 11:22:25 - [MESSAGE][WARNING] - Timeout '0' is invalid. Using default page load timeout: '30'

2021-03-30 11:22:25 - [MESSAGE][PASSED] - Object 'Object Repository/LOGIN/Page_Amazon Sign-In/input_Forgot your password_password' is present

2021-03-30 11:22:25 - [TEST_STEP][PASSED] - verifyElementClickable(findTestObject("LOGIN/Page_Amazon Sign-In/input_Forgot your password_password")): Object 'Object Repository/LOGIN/Page_Amazon Sign-In/input_Forgot your password_password' is clickable

2021-03-30 11:22:26 - [MESSAGE][PASSED] - Object 'Object Repository/LOGIN/Page_Amazon Sign-In/input_Forgot your password_password' is clickable

2021-03-30 11:22:26 - [TEST_STEP][PASSED] - click(findTestObject("LOGIN/Page_Amazon Sign-In/input_Forgot your password_password")): Object: 'Object Repository/LOGIN/Page_Amazon Sign-In/input_Forgot your password_password' is clicked on

2021-03-30 11:22:26 - [MESSAGE][PASSED] - Object: 'Object Repository/LOGIN/Page_Amazon Sign-In/input_Forgot your password_password' is clicked on

2021-03-30 11:22:26 - [TEST_STEP][PASSED] - setText(findTestObject("LOGIN/Page_Amazon Sign-In/input_Forgot your password_password"), PASSWORD_VAL): Text 'Jb19982010' is set on object 'Object Repository/LOGIN/Page_Amazon Sign-In/input_Forgot your password_password'

2021-03-30 11:22:27 - [MESSAGE][PASSED] - Text 'Jb19982010' is set on object 'Object Repository/LOGIN/Page_Amazon Sign-In/input_Forgot your password_password'

2021-03-30 11:22:27 - [TEST_STEP][PASSED] - click(findTestObject("LOGIN/Page_Amazon Sign-In/input_Enter your password_signInSubmit")): Object: 'Object Repository/LOGIN/Page_Amazon Sign-In/input_Enter your password_signInSubmit' is clicked on

2021-03-30 11:22:27 - [MESSAGE][PASSED] - Object: 'Object Repository/LOGIN/Page_Amazon Sign-In/input_Enter your password_signInSubmit' is clicked on

2021-03-30 11:22:27 - [TEST_STEP][PASSED] - delay(3): Delayed 3 second(s)

2021-03-30 11:22:30 - [MESSAGE][PASSED] - Delayed 3 second(s)

2021-03-30 11:22:30 - [TEST_STEP][PASSED] - closeBrowser(): Browser is closed

2021-03-30 11:22:31 - [MESSAGE][PASSED] - Browser is closed]]></system-out>
         <system-err><![CDATA[]]></system-err>
      </testcase>
      <testcase name="Test Cases/LOGIN-OUT/TEST-C-2" time="17.03" classname="Test Cases/LOGIN-OUT/TEST-C-2" status="PASSED">
         <system-out><![CDATA[2021-03-30 11:22:31 - [TEST_CASE][PASSED] - Test Cases/LOGIN-OUT/TEST-C-2: Test Cases/LOGIN-OUT/TEST-C-2

2021-03-30 11:22:31 - [TEST_STEP][PASSED] - openBrowser(null): Browser is opened with url: 'null'

2021-03-30 11:22:31 - [MESSAGE][INFO] - Starting 'Chrome' driver

2021-03-30 11:22:31 - [MESSAGE][INFO] - Action delay is set to 0 milliseconds

2021-03-30 11:22:32 - [MESSAGE][PASSED] - Browser is opened with url: 'null'

2021-03-30 11:22:32 - [TEST_STEP][PASSED] - navigateToUrl("https://www.amazon.com/-/es/ap/signin?openid.pape.max_auth_age=0&openid.return_to=https%3A%2F%2Fwww.amazon.com%2F%3Fref_%3Dnav_custrec_signin&openid.identity=http%3A%2F%2Fspecs.openid.net%2Fauth%2F2.0%2Fidentifier_select&openid.assoc_handle=usflex&openid.mode=checkid_setup&openid.claimed_id=http%3A%2F%2Fspecs.openid.net%2Fauth%2F2.0%2Fidentifier_select&openid.ns=http%3A%2F%2Fspecs.openid.net%2Fauth%2F2.0&"): Navigate to 'https://www.amazon.com/-/es/ap/signin?openid.pape.max_auth_age=0&openid.return_to=https%3A%2F%2Fwww.amazon.com%2F%3Fref_%3Dnav_custrec_signin&openid.identity=http%3A%2F%2Fspecs.openid.net%2Fauth%2F2.0%2Fidentifier_select&openid.assoc_handle=usflex&openid.mode=checkid_setup&openid.claimed_id=http%3A%2F%2Fspecs.openid.net%2Fauth%2F2.0%2Fidentifier_select&openid.ns=http%3A%2F%2Fspecs.openid.net%2Fauth%2F2.0&' successfully

2021-03-30 11:22:35 - [MESSAGE][PASSED] - Navigate to 'https://www.amazon.com/-/es/ap/signin?openid.pape.max_auth_age=0&openid.return_to=https%3A%2F%2Fwww.amazon.com%2F%3Fref_%3Dnav_custrec_signin&openid.identity=http%3A%2F%2Fspecs.openid.net%2Fauth%2F2.0%2Fidentifier_select&openid.assoc_handle=usflex&openid.mode=checkid_setup&openid.claimed_id=http%3A%2F%2Fspecs.openid.net%2Fauth%2F2.0%2Fidentifier_select&openid.ns=http%3A%2F%2Fspecs.openid.net%2Fauth%2F2.0&' successfully

2021-03-30 11:22:35 - [TEST_STEP][PASSED] - maximizeWindow(): Current window maximized

2021-03-30 11:22:35 - [MESSAGE][PASSED] - Current window maximized

2021-03-30 11:22:35 - [TEST_STEP][PASSED] - delay(2): Delayed 2 second(s)

2021-03-30 11:22:37 - [MESSAGE][PASSED] - Delayed 2 second(s)

2021-03-30 11:22:37 - [TEST_STEP][PASSED] - verifyElementPresent(findTestObject("Object Repository/LOGIN/Page_Amazon Sign-In/input_Email or mobile phone number_email"), 0): Object 'Object Repository/LOGIN/Page_Amazon Sign-In/input_Email or mobile phone number_email' is present

2021-03-30 11:22:37 - [MESSAGE][WARNING] - Timeout '0' is invalid. Using default page load timeout: '30'

2021-03-30 11:22:37 - [MESSAGE][PASSED] - Object 'Object Repository/LOGIN/Page_Amazon Sign-In/input_Email or mobile phone number_email' is present

2021-03-30 11:22:37 - [TEST_STEP][PASSED] - verifyElementClickable(findTestObject("Object Repository/LOGIN/Page_Amazon Sign-In/input_Email or mobile phone number_email")): Object 'Object Repository/LOGIN/Page_Amazon Sign-In/input_Email or mobile phone number_email' is clickable

2021-03-30 11:22:37 - [MESSAGE][PASSED] - Object 'Object Repository/LOGIN/Page_Amazon Sign-In/input_Email or mobile phone number_email' is clickable

2021-03-30 11:22:37 - [TEST_STEP][PASSED] - click(findTestObject("Object Repository/LOGIN/Page_Amazon Sign-In/input_Email or mobile phone number_email")): Object: 'Object Repository/LOGIN/Page_Amazon Sign-In/input_Email or mobile phone number_email' is clicked on

2021-03-30 11:22:38 - [MESSAGE][PASSED] - Object: 'Object Repository/LOGIN/Page_Amazon Sign-In/input_Email or mobile phone number_email' is clicked on

2021-03-30 11:22:38 - [TEST_STEP][PASSED] - setText(findTestObject("Object Repository/LOGIN/Page_Amazon Sign-In/input_Email or mobile phone number_email"), USERNAME_VAL): Text 'joel_j20@hotmail.com' is set on object 'Object Repository/LOGIN/Page_Amazon Sign-In/input_Email or mobile phone number_email'

2021-03-30 11:22:38 - [MESSAGE][PASSED] - Text 'joel_j20@hotmail.com' is set on object 'Object Repository/LOGIN/Page_Amazon Sign-In/input_Email or mobile phone number_email'

2021-03-30 11:22:38 - [TEST_STEP][PASSED] - click(findTestObject("Object Repository/LOGIN/Page_Amazon Sign-In/input_Enter your email or mobile phone number_continue")): Object: 'Object Repository/LOGIN/Page_Amazon Sign-In/input_Enter your email or mobile phone number_continue' is clicked on

2021-03-30 11:22:41 - [MESSAGE][PASSED] - Object: 'Object Repository/LOGIN/Page_Amazon Sign-In/input_Enter your email or mobile phone number_continue' is clicked on

2021-03-30 11:22:41 - [TEST_STEP][PASSED] - verifyElementPresent(findTestObject("Object Repository/LOGIN/Page_Amazon Sign-In/input_Forgot your password_password"), 0): Object 'Object Repository/LOGIN/Page_Amazon Sign-In/input_Forgot your password_password' is present

2021-03-30 11:22:41 - [MESSAGE][WARNING] - Timeout '0' is invalid. Using default page load timeout: '30'

2021-03-30 11:22:42 - [MESSAGE][PASSED] - Object 'Object Repository/LOGIN/Page_Amazon Sign-In/input_Forgot your password_password' is present

2021-03-30 11:22:42 - [TEST_STEP][PASSED] - verifyElementClickable(findTestObject("Object Repository/LOGIN/Page_Amazon Sign-In/input_Forgot your password_password")): Object 'Object Repository/LOGIN/Page_Amazon Sign-In/input_Forgot your password_password' is clickable

2021-03-30 11:22:42 - [MESSAGE][PASSED] - Object 'Object Repository/LOGIN/Page_Amazon Sign-In/input_Forgot your password_password' is clickable

2021-03-30 11:22:42 - [TEST_STEP][PASSED] - click(findTestObject("Object Repository/LOGIN/Page_Amazon Sign-In/input_Forgot your password_password")): Object: 'Object Repository/LOGIN/Page_Amazon Sign-In/input_Forgot your password_password' is clicked on

2021-03-30 11:22:42 - [MESSAGE][PASSED] - Object: 'Object Repository/LOGIN/Page_Amazon Sign-In/input_Forgot your password_password' is clicked on

2021-03-30 11:22:42 - [TEST_STEP][PASSED] - setText(findTestObject("Object Repository/LOGIN/Page_Amazon Sign-In/input_Forgot your password_password"), INV_PASSWORD): Text '82010' is set on object 'Object Repository/LOGIN/Page_Amazon Sign-In/input_Forgot your password_password'

2021-03-30 11:22:43 - [MESSAGE][PASSED] - Text '82010' is set on object 'Object Repository/LOGIN/Page_Amazon Sign-In/input_Forgot your password_password'

2021-03-30 11:22:43 - [TEST_STEP][PASSED] - click(findTestObject("Object Repository/LOGIN/Page_Amazon Sign-In/input_Enter your password_signInSubmit")): Object: 'Object Repository/LOGIN/Page_Amazon Sign-In/input_Enter your password_signInSubmit' is clicked on

2021-03-30 11:22:43 - [MESSAGE][PASSED] - Object: 'Object Repository/LOGIN/Page_Amazon Sign-In/input_Enter your password_signInSubmit' is clicked on

2021-03-30 11:22:43 - [TEST_STEP][PASSED] - verifyElementPresent(findTestObject("Object Repository/LOGIN/Page_Amazon Sign-In/span_Your password is incorrect"), 0): Object 'Object Repository/LOGIN/Page_Amazon Sign-In/span_Your password is incorrect' is present

2021-03-30 11:22:44 - [MESSAGE][WARNING] - Timeout '0' is invalid. Using default page load timeout: '30'

2021-03-30 11:22:45 - [MESSAGE][PASSED] - Object 'Object Repository/LOGIN/Page_Amazon Sign-In/span_Your password is incorrect' is present

2021-03-30 11:22:45 - [TEST_STEP][PASSED] - delay(2): Delayed 2 second(s)

2021-03-30 11:22:47 - [MESSAGE][PASSED] - Delayed 2 second(s)

2021-03-30 11:22:47 - [TEST_STEP][PASSED] - closeBrowser(): Browser is closed

2021-03-30 11:22:48 - [MESSAGE][PASSED] - Browser is closed]]></system-out>
         <system-err><![CDATA[]]></system-err>
      </testcase>
      <system-out><![CDATA[2021-03-30 11:22:10 - [TEST_SUITE][PASSED] - TEST-S-LOGIN: Test Cases/LOGIN-OUT/TEST-C-2]]></system-out>
      <system-err><![CDATA[]]></system-err>
   </testsuite>
</testsuites>
